<?xml version="1.0" encoding="UTF-8"?>
<!-- Generated by org.testng.reporters.JUnitXMLReporter -->
<testsuite ignored="0" hostname="fitboy" failures="0" tests="3" name="allHerokuTests" time="2.571" errors="0" timestamp="2024-10-07T14:20:54 EDT">
  <testcase classname="com.mine.seleniumjava.heroku.HerokuMainPageTest" name="abTest" time="0.228"/>
  <testcase classname="com.mine.seleniumjava.heroku.HerokuMainPageTest" name="checkboxesTest" time="0.431"/>
  <testcase classname="com.mine.seleniumjava.heroku.HerokuMainPageTest" name="titleTest" time="0.076"/>
</testsuite> <!-- allHerokuTests -->
