<?xml version="1.0" encoding="UTF-8"?>
<!-- Generated by org.testng.reporters.JUnitXMLReporter -->
<testsuite ignored="0" hostname="fitboy" failures="0" tests="4" name="allHerokuTests" time="4.443" errors="0" timestamp="2024-11-27T12:50:12 EST">
  <testcase classname="com.mine.seleniumjava.heroku.HerokuMainPageTest" name="abTest" time="0.292"/>
  <testcase classname="com.mine.seleniumjava.heroku.HerokuMainPageTest" name="checkboxesTest" time="0.251"/>
  <testcase classname="com.mine.seleniumjava.heroku.HerokuMainPageTest" name="integerCheckTest" time="0.002"/>
  <testcase classname="com.mine.seleniumjava.heroku.HerokuMainPageTest" name="titleTest" time="0.114"/>
</testsuite> <!-- allHerokuTests -->
