<?xml version="1.0" encoding="UTF-8"?>
<testng-results ignored="0" total="5" passed="5" failed="0" skipped="0">
  <reporter-output>
  </reporter-output>
  <suite started-at="2024-11-27T12:50:07 EST" name="Suite" finished-at="2024-11-27T12:50:14 EST" duration-ms="6707">
    <groups>
    </groups>
    <test started-at="2024-11-27T12:50:07 EST" name="allHerokuTests" finished-at="2024-11-27T12:50:12 EST" duration-ms="4443">
      <class name="com.mine.seleniumjava.heroku.HerokuMainPageTest">
        <test-method is-config="true" signature="beforeTest()[pri:0, instance:com.mine.seleniumjava.heroku.HerokuMainPageTest@5d0bf09b]" started-at="2024-11-27T12:50:07 EST" name="beforeTest" finished-at="2024-11-27T12:50:11 EST" duration-ms="3637" status="PASS">
          <reporter-output>
          </reporter-output>
        </test-method> <!-- beforeTest -->
        <test-method signature="abTest(java.lang.String)[pri:0, instance:com.mine.seleniumjava.heroku.HerokuMainPageTest@5d0bf09b]" started-at="2024-11-27T12:50:11 EST" name="abTest" finished-at="2024-11-27T12:50:11 EST" duration-ms="292" status="PASS">
          <params>
            <param index="0">
              <value>
                <![CDATA[https://the-internet.herokuapp.com/abtest]]>
              </value>
            </param>
          </params>
          <reporter-output>
          </reporter-output>
        </test-method> <!-- abTest -->
        <test-method signature="checkboxesTest(java.lang.String)[pri:0, instance:com.mine.seleniumjava.heroku.HerokuMainPageTest@5d0bf09b]" started-at="2024-11-27T12:50:11 EST" name="checkboxesTest" finished-at="2024-11-27T12:50:12 EST" duration-ms="251" status="PASS">
          <params>
            <param index="0">
              <value>
                <![CDATA[https://the-internet.herokuapp.com/checkboxes]]>
              </value>
            </param>
          </params>
          <reporter-output>
          </reporter-output>
        </test-method> <!-- checkboxesTest -->
        <test-method signature="integerCheckTest()[pri:0, instance:com.mine.seleniumjava.heroku.HerokuMainPageTest@5d0bf09b]" started-at="2024-11-27T12:50:12 EST" name="integerCheckTest" finished-at="2024-11-27T12:50:12 EST" duration-ms="2" status="PASS">
          <reporter-output>
          </reporter-output>
        </test-method> <!-- integerCheckTest -->
        <test-method signature="titleTest(java.lang.String)[pri:0, instance:com.mine.seleniumjava.heroku.HerokuMainPageTest@5d0bf09b]" started-at="2024-11-27T12:50:12 EST" name="titleTest" finished-at="2024-11-27T12:50:12 EST" duration-ms="114" status="PASS">
          <params>
            <param index="0">
              <value>
                <![CDATA[The Internet]]>
              </value>
            </param>
          </params>
          <reporter-output>
          </reporter-output>
        </test-method> <!-- titleTest -->
        <test-method is-config="true" signature="afterTest()[pri:0, instance:com.mine.seleniumjava.heroku.HerokuMainPageTest@5d0bf09b]" started-at="2024-11-27T12:50:12 EST" name="afterTest" finished-at="2024-11-27T12:50:12 EST" duration-ms="91" status="PASS">
          <reporter-output>
          </reporter-output>
        </test-method> <!-- afterTest -->
      </class> <!-- com.mine.seleniumjava.heroku.HerokuMainPageTest -->
    </test> <!-- allHerokuTests -->
    <test started-at="2024-11-27T12:50:12 EST" name="insideTests" finished-at="2024-11-27T12:50:14 EST" duration-ms="2197">
      <class name="com.mine.seleniumjava.heroku.FormAuthenticationTest">
        <test-method is-config="true" signature="beforeTest()[pri:0, instance:com.mine.seleniumjava.heroku.FormAuthenticationTest@6440112d]" started-at="2024-11-27T12:50:12 EST" name="beforeTest" finished-at="2024-11-27T12:50:13 EST" duration-ms="1229" status="PASS">
          <reporter-output>
          </reporter-output>
        </test-method> <!-- beforeTest -->
        <test-method signature="formAuthenticationTest(java.lang.String,java.lang.String,java.lang.String,java.lang.String)[pri:0, instance:com.mine.seleniumjava.heroku.FormAuthenticationTest@6440112d]" started-at="2024-11-27T12:50:13 EST" name="formAuthenticationTest" finished-at="2024-11-27T12:50:14 EST" duration-ms="868" status="PASS">
          <params>
            <param index="0">
              <value>
                <![CDATA[https://the-internet.herokuapp.com/login]]>
              </value>
            </param>
            <param index="1">
              <value>
                <![CDATA[tomsmith]]>
              </value>
            </param>
            <param index="2">
              <value>
                <![CDATA[SuperSecretPassword!]]>
              </value>
            </param>
            <param index="3">
              <value>
                <![CDATA[https://the-internet.herokuapp.com/secure]]>
              </value>
            </param>
          </params>
          <reporter-output>
          </reporter-output>
        </test-method> <!-- formAuthenticationTest -->
        <test-method is-config="true" signature="afterTest()[pri:0, instance:com.mine.seleniumjava.heroku.FormAuthenticationTest@6440112d]" started-at="2024-11-27T12:50:14 EST" name="afterTest" finished-at="2024-11-27T12:50:14 EST" duration-ms="94" status="PASS">
          <reporter-output>
          </reporter-output>
        </test-method> <!-- afterTest -->
      </class> <!-- com.mine.seleniumjava.heroku.FormAuthenticationTest -->
    </test> <!-- insideTests -->
  </suite> <!-- Suite -->
</testng-results>
