<?xml version="1.0" encoding="UTF-8"?>
<testng-results ignored="0" total="4" passed="4" failed="0" skipped="0">
  <reporter-output>
  </reporter-output>
  <suite started-at="2024-10-07T14:20:52 EDT" name="Suite" finished-at="2024-10-07T14:20:56 EDT" duration-ms="4563">
    <groups>
    </groups>
    <test started-at="2024-10-07T14:20:52 EDT" name="allHerokuTests" finished-at="2024-10-07T14:20:54 EDT" duration-ms="2571">
      <class name="com.mine.seleniumjava.heroku.HerokuMainPageTest">
        <test-method is-config="true" signature="beforeTest()[pri:0, instance:com.mine.seleniumjava.heroku.HerokuMainPageTest@248e319b]" started-at="2024-10-07T14:20:52 EDT" name="beforeTest" finished-at="2024-10-07T14:20:54 EDT" duration-ms="1700" status="PASS">
          <reporter-output>
          </reporter-output>
        </test-method> <!-- beforeTest -->
        <test-method signature="abTest(java.lang.String)[pri:0, instance:com.mine.seleniumjava.heroku.HerokuMainPageTest@248e319b]" started-at="2024-10-07T14:20:54 EDT" name="abTest" finished-at="2024-10-07T14:20:54 EDT" duration-ms="228" status="PASS">
          <params>
            <param index="0">
              <value>
                <![CDATA[https://the-internet.herokuapp.com/abtest]]>
              </value>
            </param>
          </params>
          <reporter-output>
          </reporter-output>
        </test-method> <!-- abTest -->
        <test-method signature="checkboxesTest(java.lang.String)[pri:0, instance:com.mine.seleniumjava.heroku.HerokuMainPageTest@248e319b]" started-at="2024-10-07T14:20:54 EDT" name="checkboxesTest" finished-at="2024-10-07T14:20:54 EDT" duration-ms="431" status="PASS">
          <params>
            <param index="0">
              <value>
                <![CDATA[https://the-internet.herokuapp.com/checkboxes]]>
              </value>
            </param>
          </params>
          <reporter-output>
          </reporter-output>
        </test-method> <!-- checkboxesTest -->
        <test-method signature="titleTest(java.lang.String)[pri:0, instance:com.mine.seleniumjava.heroku.HerokuMainPageTest@248e319b]" started-at="2024-10-07T14:20:54 EDT" name="titleTest" finished-at="2024-10-07T14:20:54 EDT" duration-ms="76" status="PASS">
          <params>
            <param index="0">
              <value>
                <![CDATA[The Internet]]>
              </value>
            </param>
          </params>
          <reporter-output>
          </reporter-output>
        </test-method> <!-- titleTest -->
        <test-method is-config="true" signature="afterTest()[pri:0, instance:com.mine.seleniumjava.heroku.HerokuMainPageTest@248e319b]" started-at="2024-10-07T14:20:54 EDT" name="afterTest" finished-at="2024-10-07T14:20:54 EDT" duration-ms="87" status="PASS">
          <reporter-output>
          </reporter-output>
        </test-method> <!-- afterTest -->
      </class> <!-- com.mine.seleniumjava.heroku.HerokuMainPageTest -->
    </test> <!-- allHerokuTests -->
    <test started-at="2024-10-07T14:20:55 EDT" name="insideTests" finished-at="2024-10-07T14:20:56 EDT" duration-ms="1928">
      <class name="com.mine.seleniumjava.heroku.FormAuthenticationTest">
        <test-method is-config="true" signature="beforeTest()[pri:0, instance:com.mine.seleniumjava.heroku.FormAuthenticationTest@6c284af]" started-at="2024-10-07T14:20:55 EDT" name="beforeTest" finished-at="2024-10-07T14:20:56 EDT" duration-ms="1124" status="PASS">
          <reporter-output>
          </reporter-output>
        </test-method> <!-- beforeTest -->
        <test-method signature="formAuthenticationTest(java.lang.String,java.lang.String,java.lang.String,java.lang.String)[pri:0, instance:com.mine.seleniumjava.heroku.FormAuthenticationTest@6c284af]" started-at="2024-10-07T14:20:56 EDT" name="formAuthenticationTest" finished-at="2024-10-07T14:20:56 EDT" duration-ms="736" status="PASS">
          <params>
            <param index="0">
              <value>
                <![CDATA[https://the-internet.herokuapp.com/login]]>
              </value>
            </param>
            <param index="1">
              <value>
                <![CDATA[tomsmith]]>
              </value>
            </param>
            <param index="2">
              <value>
                <![CDATA[SuperSecretPassword!]]>
              </value>
            </param>
            <param index="3">
              <value>
                <![CDATA[https://the-internet.herokuapp.com/secure]]>
              </value>
            </param>
          </params>
          <reporter-output>
          </reporter-output>
        </test-method> <!-- formAuthenticationTest -->
        <test-method is-config="true" signature="afterTest()[pri:0, instance:com.mine.seleniumjava.heroku.FormAuthenticationTest@6c284af]" started-at="2024-10-07T14:20:56 EDT" name="afterTest" finished-at="2024-10-07T14:20:56 EDT" duration-ms="62" status="PASS">
          <reporter-output>
          </reporter-output>
        </test-method> <!-- afterTest -->
      </class> <!-- com.mine.seleniumjava.heroku.FormAuthenticationTest -->
    </test> <!-- insideTests -->
  </suite> <!-- Suite -->
</testng-results>
